{"timestamp": "2026-04-20 11:33:49.729", "type": "request", "method": "POST", "path": "/api/portal/ai-audit/gantry-images", "data": {"session_id": "376bc5f5-ea46-4b64-91ec-6dda9accee0e", "station_id": "G005543006006820010", "start_time": "2025-12-10 18:35:23", "end_time": "2025-12-10 18:35:33", "rows": 50, "start": 0, "sort": "picTime DESC"}}
{"timestamp": "2026-04-20 11:33:49.729", "type": "response", "method": "POST", "path": "/api/portal/ai-audit/gantry-images", "data": {"code": 401, "message": "未登录或会话已过期"}}
{"timestamp": "2026-04-20 11:34:26.443", "type": "request", "method": "GET", "path": "/api/portal/status", "data": {"session_id": "376bc5f5-ea46-4b64-91ec-6dda9accee0e"}}
{"timestamp": "2026-04-20 11:34:26.443", "type": "response", "method": "GET", "path": "/api/portal/status", "data": {"code": 200, "message": "未登录", "data": {"logged_in": false, "needs_relogin": true, "relogin_reason": "会话不存在或已过期"}}}
{"timestamp": "2026-04-20 11:34:34.200", "type": "request", "method": "GET", "path": "/api/portal/captcha", "data": {"session_id": "376bc5f5-ea46-4b64-91ec-6dda9accee0e"}}
{"timestamp": "2026-04-20 11:34:34.200", "type": "response", "method": "GET", "path": "/api/portal/captcha", "data": {"code": 500, "message": "无法连接到云门户服务器 (源IP: 默认, 耗时: 6.1s)"}}
{"timestamp": "2026-04-20 11:34:35.026", "type": "request", "method": "GET", "path": "/api/portal/captcha", "data": {"session_id": "376bc5f5-ea46-4b64-91ec-6dda9accee0e"}}
{"timestamp": "2026-04-20 11:34:35.026", "type": "response", "method": "GET", "path": "/api/portal/captcha", "data": {"code": 500, "message": "无法连接到云门户服务器 (源IP: 默认, 耗时: 6.0s)"}}
{"timestamp": "2026-04-20 11:34:41.635", "type": "request", "method": "GET", "path": "/api/portal/captcha", "data": {"session_id": "376bc5f5-ea46-4b64-91ec-6dda9accee0e"}}
{"timestamp": "2026-04-20 11:34:41.635", "type": "response", "method": "GET", "path": "/api/portal/captcha", "data": {"code": 500, "message": "无法连接到云门户服务器 (源IP: 默认, 耗时: 6.0s)"}}
{"timestamp": "2026-04-20 11:34:47.694", "type": "request", "method": "GET", "path": "/api/portal/captcha", "data": {"session_id": "376bc5f5-ea46-4b64-91ec-6dda9accee0e"}}
{"timestamp": "2026-04-20 11:34:47.694", "type": "response", "method": "GET", "path": "/api/portal/captcha", "data": {"code": 500, "message": "无法连接到云门户服务器 (源IP: 默认, 耗时: 6.0s)"}}
{"timestamp": "2026-04-20 11:34:54.051", "type": "request", "method": "GET", "path": "/api/portal/captcha", "data": {"session_id": "376bc5f5-ea46-4b64-91ec-6dda9accee0e"}}
{"timestamp": "2026-04-20 11:34:54.051", "type": "response", "method": "GET", "path": "/api/portal/captcha", "data": {"code": 500, "message": "无法连接到云门户服务器 (源IP: 默认, 耗时: 6.0s)"}}
{"timestamp": "2026-04-20 11:35:01.426", "type": "request", "method": "GET", "path": "/api/portal/captcha", "data": {"session_id": "376bc5f5-ea46-4b64-91ec-6dda9accee0e"}}
{"timestamp": "2026-04-20 11:35:01.426", "type": "response", "method": "GET", "path": "/api/portal/captcha", "data": {"code": 500, "message": "无法连接到云门户服务器 (源IP: 默认, 耗时: 6.0s)"}}
{"timestamp": "2026-04-20 11:36:35.894", "type": "request", "method": "GET", "path": "/api/portal/status", "data": {"session_id": "376bc5f5-ea46-4b64-91ec-6dda9accee0e"}}
{"timestamp": "2026-04-20 11:36:35.894", "type": "response", "method": "GET", "path": "/api/portal/status", "data": {"code": 200, "message": "未登录", "data": {"logged_in": false, "needs_relogin": true, "relogin_reason": "会话不存在或已过期"}}}
{"timestamp": "2026-04-20 11:36:42.290", "type": "request", "method": "GET", "path": "/api/portal/captcha", "data": {"session_id": "376bc5f5-ea46-4b64-91ec-6dda9accee0e"}}
{"timestamp": "2026-04-20 11:36:42.290", "type": "response", "method": "GET", "path": "/api/portal/captcha", "data": {"code": 500, "message": "无法连接到云门户服务器 (源IP: 默认, 耗时: 6.1s)"}}
{"timestamp": "2026-04-20 11:36:42.763", "type": "request", "method": "GET", "path": "/api/portal/captcha", "data": {"session_id": "376bc5f5-ea46-4b64-91ec-6dda9accee0e"}}
{"timestamp": "2026-04-20 11:36:42.763", "type": "response", "method": "GET", "path": "/api/portal/captcha", "data": {"code": 500, "message": "无法连接到云门户服务器 (源IP: 默认, 耗时: 6.0s)"}}
{"timestamp": "2026-04-20 11:36:49.131", "type": "request", "method": "GET", "path": "/api/portal/captcha", "data": {"session_id": "376bc5f5-ea46-4b64-91ec-6dda9accee0e"}}
{"timestamp": "2026-04-20 11:36:49.131", "type": "response", "method": "GET", "path": "/api/portal/captcha", "data": {"code": 500, "message": "无法连接到云门户服务器 (源IP: 默认, 耗时: 6.0s)"}}
{"timestamp": "2026-04-20 11:36:55.195", "type": "request", "method": "GET", "path": "/api/portal/captcha", "data": {"session_id": "376bc5f5-ea46-4b64-91ec-6dda9accee0e"}}
{"timestamp": "2026-04-20 11:36:55.195", "type": "response", "method": "GET", "path": "/api/portal/captcha", "data": {"code": 500, "message": "无法连接到云门户服务器 (源IP: 默认, 耗时: 6.0s)"}}
{"timestamp": "2026-04-20 11:37:01.547", "type": "request", "method": "GET", "path": "/api/portal/captcha", "data": {"session_id": "376bc5f5-ea46-4b64-91ec-6dda9accee0e"}}
{"timestamp": "2026-04-20 11:37:01.547", "type": "response", "method": "GET", "path": "/api/portal/captcha", "data": {"code": 500, "message": "无法连接到云门户服务器 (源IP: 默认, 耗时: 6.0s)"}}
{"timestamp": "2026-04-20 11:37:07.929", "type": "request", "method": "GET", "path": "/api/portal/captcha", "data": {"session_id": "376bc5f5-ea46-4b64-91ec-6dda9accee0e"}}
{"timestamp": "2026-04-20 11:37:07.929", "type": "response", "method": "GET", "path": "/api/portal/captcha", "data": {"code": 500, "message": "无法连接到云门户服务器 (源IP: 默认, 耗时: 6.0s)"}}
{"timestamp": "2026-04-20 11:37:14.287", "type": "request", "method": "GET", "path": "/api/portal/captcha", "data": {"session_id": "376bc5f5-ea46-4b64-91ec-6dda9accee0e"}}
{"timestamp": "2026-04-20 11:37:14.287", "type": "response", "method": "GET", "path": "/api/portal/captcha", "data": {"code": 500, "message": "无法连接到云门户服务器 (源IP: 默认, 耗时: 6.0s)"}}
